<?xml version="1.0" encoding="UTF-8"?>
<testsuite name="GPSServiceTests" tests="1" skipped="0" failures="0" errors="0" timestamp="2021-06-16T09:04:45" hostname="DESKTOP-NQCJ011" time="0.029">
  <properties/>
  <testcase name="getNearbyAttractions" classname="GPSServiceTests" time="0.029"/>
  <system-out><![CDATA[]]></system-out>
  <system-err><![CDATA[]]></system-err>
</testsuite>
