<?xml version="1.0" encoding="UTF-8"?>
<testsuite name="tourGuide.TestPerformance" tests="1" skipped="0" failures="0" errors="0" timestamp="2021-06-11T10:01:08" hostname="DESKTOP-NQCJ011" time="1.225">
  <properties/>
  <testcase name="highVolumeTrackLocation" classname="tourGuide.TestPerformance" time="1.225"/>
  <system-out><![CDATA[12:01:08.307 [Test worker] INFO tourGuide.service.TourGuideService - TestMode enabled
12:01:08.314 [Test worker] DEBUG tourGuide.service.TourGuideService - Initializing users
12:01:09.150 [Test worker] DEBUG tourGuide.service.TourGuideService - Created 100000 internal test users.
12:01:09.150 [Test worker] DEBUG tourGuide.service.TourGuideService - Finished initializing users
12:01:09.182 [pool-2-thread-1] DEBUG tourGuide.tracker.Tracker - Begin Tracker. Tracking 100000 users.
12:01:09.439 [pool-2-thread-1] DEBUG tourGuide.tracker.Tracker - Tracker Time Elapsed: 0 seconds.
12:01:09.439 [pool-2-thread-1] DEBUG tourGuide.tracker.Tracker - Tracker sleeping
highVolumeTrackLocation: Time Elapsed: 0 seconds.
]]></system-out>
  <system-err><![CDATA[juin 11, 2021 12:01:08 PM org.javamoney.moneta.DefaultMonetaryContextFactory createMonetaryContextNonNullConfig
INFOS: Using custom MathContext: precision=256, roundingMode=HALF_EVEN
]]></system-err>
</testsuite>
